2019-08-07 10:08:05,930 [http-bio-8080-exec-10] DEBUG Connection - {conn-100000} Connection
2019-08-07 10:08:05,941 [http-bio-8080-exec-10] DEBUG Connection - {conn-100000} Preparing Statement:       SELECT count(*) FROM haemaru.member where concat(email1, email2) = ? and pw=md5(?)     
2019-08-07 10:08:05,977 [http-bio-8080-exec-10] DEBUG PreparedStatement - {pstm-100001} Executing Statement:       SELECT count(*) FROM haemaru.member where concat(email1, email2) = ? and pw=md5(?)     
2019-08-07 10:08:05,978 [http-bio-8080-exec-10] DEBUG PreparedStatement - {pstm-100001} Parameters: [daye0ng@naver.com, q013312]
2019-08-07 10:08:05,978 [http-bio-8080-exec-10] DEBUG PreparedStatement - {pstm-100001} Types: [java.lang.String, java.lang.String]
2019-08-07 10:08:06,010 [http-bio-8080-exec-10] DEBUG ResultSet - {rset-100002} ResultSet
2019-08-07 10:08:06,019 [http-bio-8080-exec-10] DEBUG ResultSet - {rset-100002} Header: [count(*)]
2019-08-07 10:08:06,019 [http-bio-8080-exec-10] DEBUG ResultSet - {rset-100002} Result: [0]
2019-08-07 10:08:13,247 [http-bio-8080-exec-10] DEBUG Connection - {conn-100003} Connection
2019-08-07 10:08:13,248 [http-bio-8080-exec-10] DEBUG Connection - {conn-100003} Preparing Statement:       SELECT count(*) FROM haemaru.member where concat(email1, email2) = ? and pw=md5(?)     
2019-08-07 10:08:13,257 [http-bio-8080-exec-10] DEBUG PreparedStatement - {pstm-100004} Executing Statement:       SELECT count(*) FROM haemaru.member where concat(email1, email2) = ? and pw=md5(?)     
2019-08-07 10:08:13,257 [http-bio-8080-exec-10] DEBUG PreparedStatement - {pstm-100004} Parameters: [daye0ng@naver.com, q0132312]
2019-08-07 10:08:13,257 [http-bio-8080-exec-10] DEBUG PreparedStatement - {pstm-100004} Types: [java.lang.String, java.lang.String]
2019-08-07 10:08:13,259 [http-bio-8080-exec-10] DEBUG ResultSet - {rset-100005} ResultSet
2019-08-07 10:08:13,259 [http-bio-8080-exec-10] DEBUG ResultSet - {rset-100005} Header: [count(*)]
2019-08-07 10:08:13,259 [http-bio-8080-exec-10] DEBUG ResultSet - {rset-100005} Result: [1]
2019-08-07 10:08:13,264 [http-bio-8080-exec-10] DEBUG Connection - {conn-100006} Connection
2019-08-07 10:08:13,265 [http-bio-8080-exec-10] DEBUG Connection - {conn-100006} Preparing Statement:          select * from member where concat(email1, email2) = ? and pw=md5(?)     
2019-08-07 10:08:13,265 [http-bio-8080-exec-10] DEBUG PreparedStatement - {pstm-100007} Executing Statement:          select * from member where concat(email1, email2) = ? and pw=md5(?)     
2019-08-07 10:08:13,265 [http-bio-8080-exec-10] DEBUG PreparedStatement - {pstm-100007} Parameters: [daye0ng@naver.com, q0132312]
2019-08-07 10:08:13,265 [http-bio-8080-exec-10] DEBUG PreparedStatement - {pstm-100007} Types: [java.lang.String, java.lang.String]
2019-08-07 10:08:13,268 [http-bio-8080-exec-10] DEBUG ResultSet - {rset-100008} ResultSet
2019-08-07 10:08:13,269 [http-bio-8080-exec-10] DEBUG ResultSet - {rset-100008} Header: [no, name, email1, email2, pw, tel1, tel2, tel3, birth, registdate, memo]
2019-08-07 10:08:13,269 [http-bio-8080-exec-10] DEBUG ResultSet - {rset-100008} Result: [39, 맹다영, daye0ng, @naver.com, e7f909570724bc420c79d139b7873f34, 010, 2417, 0504, 19940504, 2019-08-06 13:54:50.0, null]
2019-08-07 10:08:15,680 [http-bio-8080-exec-6] DEBUG Connection - {conn-100009} Connection
2019-08-07 10:08:15,681 [http-bio-8080-exec-6] DEBUG Connection - {conn-100009} Preparing Statement:                select no, email1, email2, tel1, tel2, tel3, birth, pw, name, memo, registdate,          ifnull((select max(no) from member where no>1 and no<?), 0) as prev_no,          ifnull((select min(no) from member where no>1 and no>?), 0) as next_no          from member where no=?               
2019-08-07 10:08:15,682 [http-bio-8080-exec-6] DEBUG PreparedStatement - {pstm-100010} Executing Statement:                select no, email1, email2, tel1, tel2, tel3, birth, pw, name, memo, registdate,          ifnull((select max(no) from member where no>1 and no<?), 0) as prev_no,          ifnull((select min(no) from member where no>1 and no>?), 0) as next_no          from member where no=?               
2019-08-07 10:08:15,682 [http-bio-8080-exec-6] DEBUG PreparedStatement - {pstm-100010} Parameters: [39, 39, 39]
2019-08-07 10:08:15,682 [http-bio-8080-exec-6] DEBUG PreparedStatement - {pstm-100010} Types: [java.lang.Integer, java.lang.Integer, java.lang.Integer]
2019-08-07 10:08:15,685 [http-bio-8080-exec-6] DEBUG ResultSet - {rset-100011} ResultSet
2019-08-07 10:08:15,686 [http-bio-8080-exec-6] DEBUG ResultSet - {rset-100011} Header: [no, email1, email2, tel1, tel2, tel3, birth, pw, name, memo, registdate]
2019-08-07 10:08:15,687 [http-bio-8080-exec-6] DEBUG ResultSet - {rset-100011} Result: [39, daye0ng, @naver.com, 010, 2417, 0504, 19940504, e7f909570724bc420c79d139b7873f34, 맹다영, null, 2019-08-06 13:54:50.0]
